
0 94 141 188 470423 9447047 235188141 376329282
0 2679 2820 2867 10811128 27732726 117529612914 8939409871034
12 14 16 18 20 22 24 26 28 30 32 34 36 38 40 42
10 12
1 16
1 16
2 1234567890 2625242322




0
0
0 94 141 188 2679 2820 2867 470423 9447047 10811128 27732726 235188141 376329282 117529612914 8939409871034
0 94 141 188 2679 2820 2867 470423 9447047 10811128 27732726 235188141 376329282 117529612914 8939409871034
12 14 16 18 20 22 24 26 28 30 32 34 36 38 40 42
12 14 16 18 20 22 24 26 28 30 32 34 36 38 40 42
0 12 14 16 18 20 22 24 26 28 30 32 34 36 38 40 42 94 141 188 470423 9447047 235188141 376329282
0 12 14 16 18 20 22 24 26 28 30 32 34 36 38 40 42 94 141 188 470423 9447047 235188141 376329282
0 2679 2820 2867 10811128 27732726 117529612914 8939409871034

2679 2820 2867 10811128 27732726 117529612914 8939409871034
94 141 188 470423 9447047 235188141 376329282
0 2679 2820 2867 10811128 27732726 117529612914 8939409871034
12 14 16 18 20 22 24 26 28 30 32 34 36 38 40 42
0 2679 2820 2867 10811128 27732726 117529612914 8939409871034
0 2679 2820 2867 10811128 27732726 117529612914 8939409871034
0 12 14 16 18 20 22 24 26 28 30 32 34 36 38 40 42 2679 2820 2867 10811128 27732726 117529612914 8939409871034
0 12 14 16 18 20 22 24 26 28 30 32 34 36 38 40 42 2679 2820 2867 10811128 27732726 117529612914 8939409871034
94 141 188 2679 2820 2867 470423 9447047 10811128 27732726 235188141 376329282 117529612914 8939409871034
94 141 188 2679 2820 2867 470423 9447047 10811128 27732726 235188141 376329282 117529612914 8939409871034
20
2679 2820 2867 10811128 27732726 117529612914 8939409871034
1 12 13 14 18 100 200
100 200

0 1
0 1 12 13 14 16 18 20 22 24 26 28 30 32 34 36 38 40 42 94 100 141 188 200 2679 2820 2867 3525 3572 3619 3666 3713 3760 3807 3854 3901 3948 470423 9447047 10811128 27732726 235188141 376329282 117529612914 8939409871034
0 1 12 13 14 16 18 20 22 24 26 28 30 32 34 36 38 40 42 94 100 141 188 200 2679 2820 2867 3525 3572 3619 3666 3713 3760 3807 3854 3901 3948 470423 9447047 10811128 27732726 235188141 376329282 117529612914 8939409871034
0 1 12 13 14 16 18 20 22 24 26 28 30 32 34 36 38 40 42 94 100 141 188 200 2679 2820 2867 3525 3572 3619 3666 3713 3760 3807 3854 3901 3948 470423 9447047 10811128 27732726 235188141 376329282 117529612914 8939409871034
18 20 22 24 26 27 28 30 32 33 34 36 38 39 40 42 44 45 46 48 50 51 52 54 55 56 57 58 60 62 63 64 65 66 68 69 70 72 74 75 76 77 78 80 81 82 84 85 86 87 88 90 91 92 93 94 95 96 98 99 100 102 105 108 110 111 112 114 115 117 119 120 123 125 126 129 130 132 133 135 138 140 141 144 145 147 150 154 155 160 161 165 168 170 175 180 182 185 189 190 195 196 200 203 205 210 215 217 220 224 225 230 231 235 238 240 245 252 259 266 273 280 287 294 301 308 315 322 329 336 343



18 20 22 24 26 27 28 32 33 34 38 39 40 44 46 51 52 55 56 57 58 60 62 64 65 68 69 70 74 76 77 81 82 84 85 86 87 88 90 91 92 93 94 95 99 100 102 105 108 110 111 112 114 115 117 119 123 125 129 130 132 133 138 141 144 145 150 154 155 160 161 165 168 170 180 182 185 189 190 195 196 200 203 205 215 217 220 224 225 230 231 235 238 240 252 259 266 273 280 287 294 301 308 315 322 329 336 343

18 20 22 24 26 28 32 34 38 40 44 46 52 56 58 62 64 68 74 76 82 86 88 92 94
18 20 22 24 26 27 28 30 32 33 34 36 38 39 40 42 44 45 46 48 50 51 52 54 55 56 57 58 60 62 63 64 65 66 68 69 70 72 74 75 76 77 78 80 81 82 84 85 86 87 88 90 91 92 93 94 95 96 98 99 100 102 105 108 110 111 112 114 115 117 119 120 123 125 126 129 130 132 133 135 138 140 141 144 145 147 150 154 155 160 161 165 168 170 175 180 182 185 189 190 195 196 200 203 205 210 215 217 220 224 225 230 231 235 238 240 245 252 259 266 273 280 287 294 301 308 315 322 329 336 343

18 20 22 24 26 27 28 30 32 33 34 36 38 39 40 42 44 45 46 48 50 51 52 54 55 56 57 58 60 62 63 64 65 66 68 69 70 72 74 75 76 77 78 80 81 82 84 85 86 87 88 90 91 92 93 94 95 96 98 99 100 102 105 108 110 111 112 114 115 117 119 120 123 125 126 129 130 132 133 135 138 140 141 144 145 147 150 154 155 160 161 165 168 170 175 180 182 185 189 190 195 196 200 203 205 210 215 217 220 224 225 230 231 235 238 240 245 252 259 266 273 280 287 294 301 308 315 322 329 336 343

18 20 22 24 26 27 28 30 32 33 34 36 38 39 40 42 44 45 46 48 50 51 52 54 56 57 58 60 62 63 64 66 68 69 72 74 75 76 78 80 81 82 84 86 87 88 90 92 93 94 96 98 99 102 108 111 114 117 120 123 126 129 132 135 138 140 141 144 147 175 210 245
0 5 6 7 8 9 10 11 12 13 14 15 16 17 18 19 20 21 22 23 24 25 26 27 28 29 30 31 32 33 34 35 36 37 38 39 40 41 42 43 44 45 46 47 48 49 50 51 52 53 54 55 56 57 58 59 60 61 62 63 64 65 66 67 68 69 70 71 72 73 74 75 76 77 78 79 80 81 82 83 84 85 86 87 88 89 90 91 92 93 94 95 96 97 98 99 100 101 102 103 104 105 106 107 108 109 110 111 112 113 114 115 116 117 118 119 120 121 122 123 124 125 126 127 128 129 130 131 132 133 134 135 136 137 138 139 140 141 142 143 144 145 146 147 148 149 150 151 152 153 154 155 156 157 158 159 160 161 162 163 164 165 166 167 168 169 170 171 172 173 174 175 176 177 178 179 180 181 182 183 184 185 186 187 188 189 190 191 192 193 194 195 196 197 198 199 200 201 202 203 204 205 206 207 208 209 210 211 212 213 214 215 216 217 218 219 220 221 222 223 224 225 226 227 228 229 230 231 232 233 234 235 236 237 238 239 240 241 242 243 244 245 246 247 248 249 250 321 1312 1514 4645 4847 5049 5251 5453 5655 5857 6059 6261 6463 6665 6867 7069 7271 7473 7675 7877 8079 8281 8483 8685 8887 9089 9291 9493 9695 9897 10099 41439 444342 3433321 30292827 38373635 1110987654 2625242322 212019181716
