error missing parenthesis
1 2


1





1 12
1 17
1 2 3 4 5 6
0
error missing parenthesis
error undefined variable
99999999999999999999999999999999999999999999999999999999999999999999999999
error no end of line
error missing parenthesis
error missing parenthesis
error undefined variable
error no statement
error incomplete statement
error number expected
error no statement
error no end of line
error identifier too long
error identifier too long
error no end of line
error missing closing curly brace
error missing closing curly brace
error missing closing curly brace
error missing closing curly brace
error number expected
error number expected
error number expected
error number expected
error number expected
error no statement
error missing closing curly brace
error missing closing curly brace
error number expected
error number expected
error missing closing curly brace
error no end of line
error no end of line
error equal sign expected
54321
error equal sign expected
98765
error equal sign expected
error no statement
error no statement
error no statement
